This is pdfTeX, Version 3.14159265-2.6-1.40.18 (TeX Live 2017) (preloaded format=pdflatex 2017.5.23)  26 APR 2018 11:10
entering extended mode
 restricted \write18 enabled.
 %&-line parsing enabled.
**sssp.tex
(./sssp.tex
LaTeX2e <2017-04-15>
Babel <3.10> and hyphenation patterns for 84 language(s) loaded.
(./svmultln.cls
Document Class: svmultln 2007/08/08 v3.27 
Springer Verlag global LaTeX document class for lecture notes and contributed b
ooks
(./svlnbip.clo
File: svlnbip.clo 2007/07/07 v1.0 SVMult class option for the Springer LNBIP se
ries
) (/usr/local/texlive/2017/texmf-dist/tex/latex/base/article.cls
Document Class: article 2014/09/29 v1.4h Standard LaTeX document class
(/usr/local/texlive/2017/texmf-dist/tex/latex/base/size10.clo
File: size10.clo 2014/09/29 v1.4h Standard LaTeX file (size option)
)
\c@part=\count79
\c@section=\count80
\c@subsection=\count81
\c@subsubsection=\count82
\c@paragraph=\count83
\c@subparagraph=\count84
\c@figure=\count85
\c@table=\count86
\abovecaptionskip=\skip41
\belowcaptionskip=\skip42
\bibindent=\dimen102
)
(/usr/local/texlive/2017/texmf-dist/tex/latex/tools/multicol.sty
Package: multicol 2017/04/11 v1.8q multicolumn formatting (FMi)
\c@tracingmulticols=\count87
\mult@box=\box26
\multicol@leftmargin=\dimen103
\c@unbalance=\count88
\c@collectmore=\count89
\doublecol@number=\count90
\multicoltolerance=\count91
\multicolpretolerance=\count92
\full@width=\dimen104
\page@free=\dimen105
\premulticols=\dimen106
\postmulticols=\dimen107
\multicolsep=\skip43
\multicolbaselineskip=\skip44
\partial@page=\box27
\last@line=\box28
\maxbalancingoverflow=\dimen108
\mult@rightbox=\box29
\mult@grightbox=\box30
\mult@gfirstbox=\box31
\mult@firstbox=\box32
\@tempa=\box33
\@tempa=\box34
\@tempa=\box35
\@tempa=\box36
\@tempa=\box37
\@tempa=\box38
\@tempa=\box39
\@tempa=\box40
\@tempa=\box41
\@tempa=\box42
\@tempa=\box43
\@tempa=\box44
\@tempa=\box45
\@tempa=\box46
\@tempa=\box47
\@tempa=\box48
\@tempa=\box49
\c@columnbadness=\count93
\c@finalcolumnbadness=\count94
\last@try=\dimen109
\multicolovershoot=\dimen110
\multicolundershoot=\dimen111
\mult@nat@firstbox=\box50
\colbreak@box=\box51
\mc@col@check@num=\count95
)
\betweenumberspace=\dimen112
\headlineindent=\dimen113
\minitoc=\write3
\c@minitocdepth=\count96
\c@chapter=\count97
\svitemindent=\dimen114
\verbatimindent=\dimen115
LaTeX Font Info:    Redeclaring math symbol \Gamma on input line 722.
LaTeX Font Info:    Redeclaring math symbol \Delta on input line 723.
LaTeX Font Info:    Redeclaring math symbol \Theta on input line 724.
LaTeX Font Info:    Redeclaring math symbol \Lambda on input line 725.
LaTeX Font Info:    Redeclaring math symbol \Xi on input line 726.
LaTeX Font Info:    Redeclaring math symbol \Pi on input line 727.
LaTeX Font Info:    Redeclaring math symbol \Sigma on input line 728.
LaTeX Font Info:    Redeclaring math symbol \Upsilon on input line 729.
LaTeX Font Info:    Redeclaring math symbol \Phi on input line 730.
LaTeX Font Info:    Redeclaring math symbol \Psi on input line 731.
LaTeX Font Info:    Redeclaring math symbol \Omega on input line 732.
\tocchpnum=\dimen116
\tocsecnum=\dimen117
\tocsectotal=\dimen118
\tocsubsecnum=\dimen119
\tocsubsectotal=\dimen120
\tocsubsubsecnum=\dimen121
\tocsubsubsectotal=\dimen122
\tocparanum=\dimen123
\tocparatotal=\dimen124
\tocsubparanum=\dimen125
\foot@parindent=\dimen126
\spthmsep=\dimen127
\c@theorem=\count98
\c@case=\count99
\c@conjecture=\count100
\c@corollary=\count101
\c@definition=\count102
\c@example=\count103
\c@exercise=\count104
\c@lemma=\count105
\c@note=\count106
\c@problem=\count107
\c@property=\count108
\c@proposition=\count109
\c@question=\count110
\c@solution=\count111
\c@remark=\count112
\instindent=\dimen128
\figgap=\dimen129
\figcapgap=\dimen130
\tabcapgap=\dimen131
\c@merk=\count113
\c@@inst=\count114
\c@@auth=\count115
\c@auco=\count116
\instindent=\dimen132
\authrun=\box52
\authorrunning=\toks14
\tocauthor=\toks15
\titrun=\box53
\titlerunning=\toks16
\toctitle=\toks17
\c@contribution=\count117
)

++++++++++++++++++++++++++++++++++++++++++++++++++++++++++ 
+ svlnbip.clo 2007/07/07 v1.0 SVMono/SVMult class option + 
+ to establish the layout for Springer LNBIP volumes     + 
++++++++++++++++++++++++++++++++++++++++++++++++++++++++++

\svitemindent=\dimen133
(/usr/local/texlive/2017/texmf-dist/tex/latex/base/makeidx.sty
Package: makeidx 2014/09/29 v1.0m Standard LaTeX package
)
(/usr/local/texlive/2017/texmf-dist/tex/latex/amsfonts/amsfonts.sty
Package: amsfonts 2013/01/14 v3.01 Basic AMSFonts support
\@emptytoks=\toks18
\symAMSa=\mathgroup4
\symAMSb=\mathgroup5
LaTeX Font Info:    Overwriting math alphabet `\mathfrak' in version `bold'
(Font)                  U/euf/m/n --> U/euf/b/n on input line 106.
)
(/usr/local/texlive/2017/texmf-dist/tex/latex/amsfonts/amssymb.sty
Package: amssymb 2013/01/14 v3.01 AMS font symbols
)
(/usr/local/texlive/2017/texmf-dist/tex/latex/jknapltx/mathrsfs.sty
Package: mathrsfs 1996/01/01 Math RSFS package v1.0 (jk)
\symrsfs=\mathgroup6
)
(/usr/local/texlive/2017/texmf-dist/tex/latex/enumitem/enumitem.sty
Package: enumitem 2011/09/28 v3.5.2 Customized lists
\enitkv@toks@=\toks19
\labelindent=\skip45
\enit@outerparindent=\dimen134
\enit@toks=\toks20
\enit@inbox=\box54
\enitdp@description=\count118
)
(/usr/local/texlive/2017/texmf-dist/tex/latex/amsmath/amsmath.sty
Package: amsmath 2016/11/05 v2.16a AMS math features
\@mathmargin=\skip46

For additional information on amsmath, use the `?' option.
(/usr/local/texlive/2017/texmf-dist/tex/latex/amsmath/amstext.sty
Package: amstext 2000/06/29 v2.01 AMS text

(/usr/local/texlive/2017/texmf-dist/tex/latex/amsmath/amsgen.sty
File: amsgen.sty 1999/11/30 v2.0 generic functions
\@emptytoks=\toks21
\ex@=\dimen135
))
(/usr/local/texlive/2017/texmf-dist/tex/latex/amsmath/amsbsy.sty
Package: amsbsy 1999/11/29 v1.2d Bold Symbols
\pmbraise@=\dimen136
)
(/usr/local/texlive/2017/texmf-dist/tex/latex/amsmath/amsopn.sty
Package: amsopn 2016/03/08 v2.02 operator names
)
\inf@bad=\count119
LaTeX Info: Redefining \frac on input line 213.
\uproot@=\count120
\leftroot@=\count121
LaTeX Info: Redefining \overline on input line 375.
\classnum@=\count122
\DOTSCASE@=\count123
LaTeX Info: Redefining \ldots on input line 472.
LaTeX Info: Redefining \dots on input line 475.
LaTeX Info: Redefining \cdots on input line 596.
\Mathstrutbox@=\box55
\strutbox@=\box56
\big@size=\dimen137
LaTeX Font Info:    Redeclaring font encoding OML on input line 712.
LaTeX Font Info:    Redeclaring font encoding OMS on input line 713.


Package amsmath Warning: Unable to redefine math accent \vec.

\macc@depth=\count124
\c@MaxMatrixCols=\count125
\dotsspace@=\muskip10
\c@parentequation=\count126
\dspbrk@lvl=\count127
\tag@help=\toks22
\row@=\count128
\column@=\count129
\maxfields@=\count130
\andhelp@=\toks23
\eqnshift@=\dimen138
\alignsep@=\dimen139
\tagshift@=\dimen140
\tagwidth@=\dimen141
\totwidth@=\dimen142
\lineht@=\dimen143
\@envbody=\toks24
\multlinegap=\skip47
\multlinetaggap=\skip48
\mathdisplay@stack=\toks25
LaTeX Info: Redefining \[ on input line 2817.
LaTeX Info: Redefining \] on input line 2818.
) (./sssp.aux)
\openout1 = `sssp.aux'.

LaTeX Font Info:    Checking defaults for OML/cmm/m/it on input line 16.
LaTeX Font Info:    ... okay on input line 16.
LaTeX Font Info:    Checking defaults for T1/cmr/m/n on input line 16.
LaTeX Font Info:    ... okay on input line 16.
LaTeX Font Info:    Checking defaults for OT1/cmr/m/n on input line 16.
LaTeX Font Info:    ... okay on input line 16.
LaTeX Font Info:    Checking defaults for OMS/cmsy/m/n on input line 16.
LaTeX Font Info:    ... okay on input line 16.
LaTeX Font Info:    Checking defaults for OMX/cmex/m/n on input line 16.
LaTeX Font Info:    ... okay on input line 16.
LaTeX Font Info:    Checking defaults for U/cmr/m/n on input line 16.
LaTeX Font Info:    ... okay on input line 16.
 (/usr/local/texlive/2017/texmf-dist/tex/latex/url/url.sty
\Urlmuskip=\muskip11
Package: url 2013/09/16  ver 3.4  Verb mode for urls, etc.
)
LaTeX Font Info:    Try loading font information for U+msa on input line 27.

(/usr/local/texlive/2017/texmf-dist/tex/latex/amsfonts/umsa.fd
File: umsa.fd 2013/01/14 v3.01 AMS symbols A
)
LaTeX Font Info:    Try loading font information for U+msb on input line 27.

(/usr/local/texlive/2017/texmf-dist/tex/latex/amsfonts/umsb.fd
File: umsb.fd 2013/01/14 v3.01 AMS symbols B
)
LaTeX Font Info:    Try loading font information for U+rsfs on input line 27.

(/usr/local/texlive/2017/texmf-dist/tex/latex/jknapltx/ursfs.fd
File: ursfs.fd 1998/03/24 rsfs font definition file (jk)
) [1





{/usr/local/texlive/2017/texmf-var/fonts/map/pdftex/updmap/pdftex.map}]
Underfull \hbox (badness 10000) in paragraph at lines 115--116

 []

[2]
Underfull \hbox (badness 10000) in paragraph at lines 136--137

 []


Overfull \hbox (25.38873pt too wide) in paragraph at lines 138--140
[]$\OMS/cmsy/m/n/10 f\OT1/cmr/m/n/10 0\OML/cmm/m/it/10 ; \OT1/cmr/m/n/10 1\OMS/
cmsy/m/n/10 g  $ \OT1/cmr/m/n/10 Verify$(\OML/cmm/m/it/10 ^^[; u; ^^Y\OT1/cmr/m
/n/10 )$: Parse $\OML/cmm/m/it/10 u$ \OT1/cmr/m/n/10 as $(\OML/cmm/m/it/10 a[];
 :::; a[]\OT1/cmr/m/n/10 ) \OMS/cmsy/m/n/10 2 f\OT1/cmr/m/n/10 0\OML/cmm/m/it/1
0 ; \OT1/cmr/m/n/10 1\OMS/cmsy/m/n/10 g[]$ \OT1/cmr/m/n/10 and $\OML/cmm/m/it/1
0 ^^Y$ \OT1/cmr/m/n/10 as $(\OML/cmm/m/it/10 H; V[]; B[]; V\OT1/cmr/m/n/10 ) \O
MS/cmsy/m/n/10 2
 []

(./sssp.bbl [3]) [4] (./sssp.aux) ) 
Here is how much of TeX's memory you used:
 2103 strings out of 492995
 25684 string characters out of 6132704
 96374 words of memory out of 5000000
 5664 multiletter control sequences out of 15000+600000
 10117 words of font info for 38 fonts, out of 8000000 for 9000
 1141 hyphenation exceptions out of 8191
 29i,13n,24p,502b,298s stack positions out of 5000i,500n,10000p,200000b,80000s
</usr/local/texlive/2017/texmf-dist/fonts/ty
pe1/public/amsfonts/cm/cmbx10.pfb></usr/local/texlive/2017/texmf-dist/fonts/typ
e1/public/amsfonts/cm/cmbx12.pfb></usr/local/texlive/2017/texmf-dist/fonts/type
1/public/amsfonts/cm/cmbxti10.pfb></usr/local/texlive/2017/texmf-dist/fonts/typ
e1/public/amsfonts/cm/cmex10.pfb></usr/local/texlive/2017/texmf-dist/fonts/type
1/public/amsfonts/cmextra/cmex7.pfb></usr/local/texlive/2017/texmf-dist/fonts/t
ype1/public/amsfonts/cm/cmmi10.pfb></usr/local/texlive/2017/texmf-dist/fonts/ty
pe1/public/amsfonts/cm/cmmi5.pfb></usr/local/texlive/2017/texmf-dist/fonts/type
1/public/amsfonts/cm/cmmi7.pfb></usr/local/texlive/2017/texmf-dist/fonts/type1/
public/amsfonts/cm/cmr10.pfb></usr/local/texlive/2017/texmf-dist/fonts/type1/pu
blic/amsfonts/cm/cmr5.pfb></usr/local/texlive/2017/texmf-dist/fonts/type1/publi
c/amsfonts/cm/cmr7.pfb></usr/local/texlive/2017/texmf-dist/fonts/type1/public/a
msfonts/cm/cmr9.pfb></usr/local/texlive/2017/texmf-dist/fonts/type1/public/amsf
onts/cm/cmsy10.pfb></usr/local/texlive/2017/texmf-dist/fonts/type1/public/amsfo
nts/cm/cmsy7.pfb></usr/local/texlive/2017/texmf-dist/fonts/type1/public/amsfont
s/cm/cmti10.pfb></usr/local/texlive/2017/texmf-dist/fonts/type1/public/amsfonts
/cm/cmti9.pfb></usr/local/texlive/2017/texmf-dist/fonts/type1/public/amsfonts/s
ymbols/msbm10.pfb>
Output written on sssp.pdf (4 pages, 211587 bytes).
PDF statistics:
 85 PDF objects out of 1000 (max. 8388607)
 61 compressed objects within 1 object stream
 0 named destinations out of 1000 (max. 500000)
 1 words of extra memory for PDF output out of 10000 (max. 10000000)

